{"/home/david/Desktop/projects/goBarber/gobarber-back/src/appointment/services/appointment.service.ts": {"path":"/home/david/Desktop/projects/goBarber/gobarber-back/src/appointment/services/appointment.service.ts","statementMap":{"0":{"start":{"line":1,"column":0},"end":{"line":1,"column":39}},"1":{"start":{"line":3,"column":0},"end":{"line":3,"column":73}},"2":{"start":{"line":13,"column":0},"end":{"line":58,"column":null}},"3":{"start":{"line":16,"column":21},"end":{"line":16,"column":66}},"4":{"start":{"line":24,"column":28},"end":{"line":24,"column":45}},"5":{"start":{"line":26,"column":38},"end":{"line":27,"column":null}},"6":{"start":{"line":30,"column":4},"end":{"line":32,"column":null}},"7":{"start":{"line":31,"column":6},"end":{"line":31,"column":74}},"8":{"start":{"line":34,"column":24},"end":{"line":38,"column":6}},"9":{"start":{"line":40,"column":4},"end":{"line":40,"column":23}},"10":{"start":{"line":44,"column":4},"end":{"line":44,"column":54}},"11":{"start":{"line":48,"column":4},"end":{"line":48,"column":54}},"12":{"start":{"line":52,"column":4},"end":{"line":52,"column":54}},"13":{"start":{"line":56,"column":4},"end":{"line":56,"column":54}},"14":{"start":{"line":13,"column":13},"end":{"line":58,"column":null}},"15":{"start":{"line":13,"column":13},"end":{"line":13,"column":31}}},"fnMap":{"0":{"name":"(anonymous_4)","decl":{"start":{"line":14,"column":2},"end":{"line":14,"column":null}},"loc":{"start":{"line":16,"column":66},"end":{"line":17,"column":6}}},"1":{"name":"(anonymous_5)","decl":{"start":{"line":19,"column":9},"end":{"line":19,"column":14}},"loc":{"start":{"line":23,"column":23},"end":{"line":41,"column":3}}},"2":{"name":"(anonymous_6)","decl":{"start":{"line":43,"column":9},"end":{"line":43,"column":14}},"loc":{"start":{"line":43,"column":22},"end":{"line":45,"column":3}}},"3":{"name":"(anonymous_7)","decl":{"start":{"line":47,"column":2},"end":{"line":47,"column":9}},"loc":{"start":{"line":47,"column":20},"end":{"line":49,"column":3}}},"4":{"name":"(anonymous_8)","decl":{"start":{"line":51,"column":2},"end":{"line":51,"column":8}},"loc":{"start":{"line":51,"column":63},"end":{"line":53,"column":3}}},"5":{"name":"(anonymous_9)","decl":{"start":{"line":55,"column":2},"end":{"line":55,"column":8}},"loc":{"start":{"line":55,"column":19},"end":{"line":57,"column":3}}}},"branchMap":{"0":{"loc":{"start":{"line":30,"column":4},"end":{"line":32,"column":null}},"type":"if","locations":[{"start":{"line":30,"column":4},"end":{"line":32,"column":null}},{"start":{"line":30,"column":4},"end":{"line":32,"column":null}}]}},"s":{"0":1,"1":1,"2":1,"3":2,"4":3,"5":3,"6":3,"7":1,"8":2,"9":2,"10":0,"11":0,"12":0,"13":0,"14":1,"15":1},"f":{"0":2,"1":3,"2":0,"3":0,"4":0,"5":0},"b":{"0":[1,2]}}
,"/home/david/Desktop/projects/goBarber/gobarber-back/src/appointment/services/provider-availability.service.ts": {"path":"/home/david/Desktop/projects/goBarber/gobarber-back/src/appointment/services/provider-availability.service.ts","statementMap":{"0":{"start":{"line":1,"column":0},"end":{"line":1,"column":70}},"1":{"start":{"line":3,"column":0},"end":{"line":3,"column":52}},"2":{"start":{"line":14,"column":0},"end":{"line":93,"column":null}},"3":{"start":{"line":17,"column":12},"end":{"line":17,"column":57}},"4":{"start":{"line":25,"column":25},"end":{"line":30,"column":null}},"5":{"start":{"line":33,"column":32},"end":{"line":33,"column":73}},"6":{"start":{"line":35,"column":25},"end":{"line":37,"column":null}},"7":{"start":{"line":37,"column":20},"end":{"line":37,"column":29}},"8":{"start":{"line":40,"column":25},"end":{"line":49,"column":6}},"9":{"start":{"line":41,"column":32},"end":{"line":43,"column":8}},"10":{"start":{"line":42,"column":8},"end":{"line":42,"column":49}},"11":{"start":{"line":45,"column":6},"end":{"line":48,"column":8}},"12":{"start":{"line":51,"column":4},"end":{"line":51,"column":24}},"13":{"start":{"line":60,"column":25},"end":{"line":66,"column":null}},"14":{"start":{"line":69,"column":22},"end":{"line":69,"column":23}},"15":{"start":{"line":71,"column":26},"end":{"line":73,"column":null}},"16":{"start":{"line":73,"column":20},"end":{"line":73,"column":37}},"17":{"start":{"line":76,"column":24},"end":{"line":76,"column":44}},"18":{"start":{"line":78,"column":25},"end":{"line":89,"column":6}},"19":{"start":{"line":79,"column":35},"end":{"line":80,"column":null}},"20":{"start":{"line":80,"column":25},"end":{"line":80,"column":60}},"21":{"start":{"line":83,"column":26},"end":{"line":83,"column":62}},"22":{"start":{"line":85,"column":6},"end":{"line":88,"column":8}},"23":{"start":{"line":91,"column":4},"end":{"line":91,"column":24}},"24":{"start":{"line":14,"column":13},"end":{"line":93,"column":null}},"25":{"start":{"line":14,"column":13},"end":{"line":14,"column":40}}},"fnMap":{"0":{"name":"(anonymous_4)","decl":{"start":{"line":15,"column":2},"end":{"line":15,"column":null}},"loc":{"start":{"line":17,"column":57},"end":{"line":18,"column":6}}},"1":{"name":"(anonymous_5)","decl":{"start":{"line":20,"column":2},"end":{"line":20,"column":7}},"loc":{"start":{"line":24,"column":31},"end":{"line":52,"column":3}}},"2":{"name":"(anonymous_6)","decl":{"start":{"line":37,"column":6},"end":{"line":37,"column":7}},"loc":{"start":{"line":37,"column":20},"end":{"line":37,"column":29}}},"3":{"name":"(anonymous_7)","decl":{"start":{"line":40,"column":42},"end":{"line":40,"column":43}},"loc":{"start":{"line":40,"column":50},"end":{"line":49,"column":5}}},"4":{"name":"(anonymous_8)","decl":{"start":{"line":41,"column":52},"end":{"line":41,"column":53}},"loc":{"start":{"line":41,"column":68},"end":{"line":43,"column":7}}},"5":{"name":"(anonymous_9)","decl":{"start":{"line":54,"column":2},"end":{"line":54,"column":7}},"loc":{"start":{"line":59,"column":29},"end":{"line":92,"column":3}}},"6":{"name":"(anonymous_10)","decl":{"start":{"line":73,"column":6},"end":{"line":73,"column":7}},"loc":{"start":{"line":73,"column":20},"end":{"line":73,"column":37}}},"7":{"name":"(anonymous_11)","decl":{"start":{"line":78,"column":43},"end":{"line":78,"column":44}},"loc":{"start":{"line":78,"column":52},"end":{"line":89,"column":5}}},"8":{"name":"(anonymous_12)","decl":{"start":{"line":80,"column":8},"end":{"line":80,"column":9}},"loc":{"start":{"line":80,"column":25},"end":{"line":80,"column":60}}}},"branchMap":{"0":{"loc":{"start":{"line":87,"column":19},"end":{"line":87,"column":40}},"type":"binary-expr","locations":[{"start":{"line":87,"column":19},"end":{"line":87,"column":40}},{"start":{"line":87,"column":44},"end":{"line":87,"column":77}}]}},"s":{"0":1,"1":1,"2":1,"3":2,"4":1,"5":1,"6":1,"7":30,"8":1,"9":30,"10":300,"11":30,"12":1,"13":1,"14":1,"15":1,"16":10,"17":1,"18":1,"19":10,"20":19,"21":10,"22":10,"23":1,"24":1,"25":1},"f":{"0":2,"1":1,"2":30,"3":30,"4":300,"5":1,"6":10,"7":10,"8":19},"b":{"0":[10,8]}}
,"/home/david/Desktop/projects/goBarber/gobarber-back/src/appointment/services/provider.service.ts": {"path":"/home/david/Desktop/projects/goBarber/gobarber-back/src/appointment/services/provider.service.ts","statementMap":{"0":{"start":{"line":4,"column":0},"end":{"line":4,"column":52}},"1":{"start":{"line":7,"column":0},"end":{"line":26,"column":null}},"2":{"start":{"line":10,"column":21},"end":{"line":10,"column":52}},"3":{"start":{"line":14,"column":16},"end":{"line":16,"column":6}},"4":{"start":{"line":18,"column":4},"end":{"line":22,"column":7}},"5":{"start":{"line":19,"column":6},"end":{"line":19,"column":27}},"6":{"start":{"line":21,"column":6},"end":{"line":21,"column":18}},"7":{"start":{"line":24,"column":4},"end":{"line":24,"column":17}},"8":{"start":{"line":7,"column":13},"end":{"line":26,"column":null}},"9":{"start":{"line":7,"column":13},"end":{"line":7,"column":28}}},"fnMap":{"0":{"name":"(anonymous_4)","decl":{"start":{"line":8,"column":2},"end":{"line":8,"column":null}},"loc":{"start":{"line":10,"column":52},"end":{"line":11,"column":6}}},"1":{"name":"(anonymous_5)","decl":{"start":{"line":13,"column":2},"end":{"line":13,"column":7}},"loc":{"start":{"line":13,"column":26},"end":{"line":25,"column":3}}},"2":{"name":"(anonymous_6)","decl":{"start":{"line":18,"column":22},"end":{"line":18,"column":23}},"loc":{"start":{"line":18,"column":31},"end":{"line":22,"column":5}}}},"branchMap":{},"s":{"0":1,"1":1,"2":1,"3":1,"4":1,"5":2,"6":2,"7":1,"8":1,"9":1},"f":{"0":1,"1":1,"2":2},"b":{}}
,"/home/david/Desktop/projects/goBarber/gobarber-back/src/session/session.service.ts": {"path":"/home/david/Desktop/projects/goBarber/gobarber-back/src/session/session.service.ts","statementMap":{"0":{"start":{"line":5,"column":0},"end":{"line":5,"column":75}},"1":{"start":{"line":6,"column":0},"end":{"line":6,"column":47}},"2":{"start":{"line":7,"column":0},"end":{"line":7,"column":41}},"3":{"start":{"line":13,"column":0},"end":{"line":57,"column":null}},"4":{"start":{"line":16,"column":21},"end":{"line":16,"column":52}},"5":{"start":{"line":17,"column":21},"end":{"line":17,"column":33}},"6":{"start":{"line":18,"column":21},"end":{"line":18,"column":36}},"7":{"start":{"line":20,"column":12},"end":{"line":20,"column":39}},"8":{"start":{"line":24,"column":17},"end":{"line":24,"column":57}},"9":{"start":{"line":26,"column":20},"end":{"line":26,"column":28}},"10":{"start":{"line":28,"column":18},"end":{"line":28,"column":58}},"11":{"start":{"line":30,"column":4},"end":{"line":34,"column":6}},"12":{"start":{"line":38,"column":17},"end":{"line":38,"column":61}},"13":{"start":{"line":40,"column":4},"end":{"line":42,"column":null}},"14":{"start":{"line":41,"column":6},"end":{"line":41,"column":79}},"15":{"start":{"line":44,"column":28},"end":{"line":46,"column":null}},"16":{"start":{"line":49,"column":4},"end":{"line":51,"column":null}},"17":{"start":{"line":50,"column":6},"end":{"line":50,"column":79}},"18":{"start":{"line":53,"column":4},"end":{"line":53,"column":25}},"19":{"start":{"line":55,"column":4},"end":{"line":55,"column":16}},"20":{"start":{"line":13,"column":13},"end":{"line":57,"column":null}},"21":{"start":{"line":13,"column":13},"end":{"line":13,"column":27}}},"fnMap":{"0":{"name":"(anonymous_4)","decl":{"start":{"line":14,"column":2},"end":{"line":14,"column":null}},"loc":{"start":{"line":20,"column":39},"end":{"line":21,"column":6}}},"1":{"name":"(anonymous_5)","decl":{"start":{"line":23,"column":2},"end":{"line":23,"column":7}},"loc":{"start":{"line":23,"column":52},"end":{"line":35,"column":3}}},"2":{"name":"(anonymous_6)","decl":{"start":{"line":37,"column":2},"end":{"line":37,"column":7}},"loc":{"start":{"line":37,"column":52},"end":{"line":56,"column":3}}}},"branchMap":{"0":{"loc":{"start":{"line":40,"column":4},"end":{"line":42,"column":null}},"type":"if","locations":[{"start":{"line":40,"column":4},"end":{"line":42,"column":null}},{"start":{"line":40,"column":4},"end":{"line":42,"column":null}}]},"1":{"loc":{"start":{"line":49,"column":4},"end":{"line":51,"column":null}},"type":"if","locations":[{"start":{"line":49,"column":4},"end":{"line":51,"column":null}},{"start":{"line":49,"column":4},"end":{"line":51,"column":null}}]}},"s":{"0":1,"1":1,"2":1,"3":1,"4":3,"5":3,"6":3,"7":3,"8":3,"9":1,"10":1,"11":1,"12":3,"13":3,"14":1,"15":2,"16":2,"17":1,"18":1,"19":1,"20":1,"21":1},"f":{"0":3,"1":3,"2":3},"b":{"0":[1,2],"1":[1,1]}}
,"/home/david/Desktop/projects/goBarber/gobarber-back/src/user/services/email.service.ts": {"path":"/home/david/Desktop/projects/goBarber/gobarber-back/src/user/services/email.service.ts","statementMap":{"0":{"start":{"line":1,"column":0},"end":{"line":1,"column":31}},"1":{"start":{"line":4,"column":0},"end":{"line":4,"column":73}},"2":{"start":{"line":13,"column":0},"end":{"line":54,"column":null}},"3":{"start":{"line":16,"column":21},"end":{"line":16,"column":52}},"4":{"start":{"line":18,"column":21},"end":{"line":18,"column":48}},"5":{"start":{"line":20,"column":21},"end":{"line":20,"column":63}},"6":{"start":{"line":24,"column":17},"end":{"line":24,"column":61}},"7":{"start":{"line":26,"column":4},"end":{"line":28,"column":null}},"8":{"start":{"line":27,"column":6},"end":{"line":27,"column":61}},"9":{"start":{"line":30,"column":22},"end":{"line":30,"column":70}},"10":{"start":{"line":32,"column":35},"end":{"line":36,"column":null}},"11":{"start":{"line":39,"column":4},"end":{"line":52,"column":7}},"12":{"start":{"line":13,"column":13},"end":{"line":54,"column":null}},"13":{"start":{"line":13,"column":13},"end":{"line":13,"column":25}}},"fnMap":{"0":{"name":"(anonymous_4)","decl":{"start":{"line":14,"column":2},"end":{"line":14,"column":null}},"loc":{"start":{"line":20,"column":63},"end":{"line":21,"column":6}}},"1":{"name":"(anonymous_5)","decl":{"start":{"line":23,"column":2},"end":{"line":23,"column":7}},"loc":{"start":{"line":23,"column":55},"end":{"line":53,"column":3}}}},"branchMap":{"0":{"loc":{"start":{"line":26,"column":4},"end":{"line":28,"column":null}},"type":"if","locations":[{"start":{"line":26,"column":4},"end":{"line":28,"column":null}},{"start":{"line":26,"column":4},"end":{"line":28,"column":null}}]}},"s":{"0":1,"1":1,"2":1,"3":3,"4":3,"5":3,"6":3,"7":3,"8":1,"9":2,"10":2,"11":2,"12":1,"13":1},"f":{"0":3,"1":3},"b":{"0":[1,2]}}
,"/home/david/Desktop/projects/goBarber/gobarber-back/src/user/services/password.service.ts": {"path":"/home/david/Desktop/projects/goBarber/gobarber-back/src/user/services/password.service.ts","statementMap":{"0":{"start":{"line":1,"column":0},"end":{"line":1,"column":45}},"1":{"start":{"line":3,"column":0},"end":{"line":3,"column":73}},"2":{"start":{"line":17,"column":0},"end":{"line":51,"column":null}},"3":{"start":{"line":20,"column":21},"end":{"line":20,"column":52}},"4":{"start":{"line":22,"column":21},"end":{"line":22,"column":63}},"5":{"start":{"line":24,"column":21},"end":{"line":24,"column":48}},"6":{"start":{"line":28,"column":22},"end":{"line":28,"column":71}},"7":{"start":{"line":30,"column":4},"end":{"line":32,"column":null}},"8":{"start":{"line":31,"column":6},"end":{"line":31,"column":66}},"9":{"start":{"line":34,"column":17},"end":{"line":34,"column":69}},"10":{"start":{"line":36,"column":4},"end":{"line":38,"column":null}},"11":{"start":{"line":37,"column":6},"end":{"line":37,"column":60}},"12":{"start":{"line":40,"column":27},"end":{"line":40,"column":46}},"13":{"start":{"line":41,"column":24},"end":{"line":41,"column":51}},"14":{"start":{"line":43,"column":4},"end":{"line":45,"column":null}},"15":{"start":{"line":44,"column":6},"end":{"line":44,"column":53}},"16":{"start":{"line":47,"column":4},"end":{"line":47,"column":67}},"17":{"start":{"line":49,"column":4},"end":{"line":49,"column":41}},"18":{"start":{"line":17,"column":13},"end":{"line":51,"column":null}},"19":{"start":{"line":17,"column":13},"end":{"line":17,"column":28}}},"fnMap":{"0":{"name":"(anonymous_4)","decl":{"start":{"line":18,"column":2},"end":{"line":18,"column":null}},"loc":{"start":{"line":24,"column":48},"end":{"line":25,"column":6}}},"1":{"name":"(anonymous_5)","decl":{"start":{"line":27,"column":2},"end":{"line":27,"column":7}},"loc":{"start":{"line":27,"column":51},"end":{"line":50,"column":3}}}},"branchMap":{"0":{"loc":{"start":{"line":30,"column":4},"end":{"line":32,"column":null}},"type":"if","locations":[{"start":{"line":30,"column":4},"end":{"line":32,"column":null}},{"start":{"line":30,"column":4},"end":{"line":32,"column":null}}]},"1":{"loc":{"start":{"line":36,"column":4},"end":{"line":38,"column":null}},"type":"if","locations":[{"start":{"line":36,"column":4},"end":{"line":38,"column":null}},{"start":{"line":36,"column":4},"end":{"line":38,"column":null}}]},"2":{"loc":{"start":{"line":43,"column":4},"end":{"line":45,"column":null}},"type":"if","locations":[{"start":{"line":43,"column":4},"end":{"line":45,"column":null}},{"start":{"line":43,"column":4},"end":{"line":45,"column":null}}]}},"s":{"0":1,"1":1,"2":1,"3":4,"4":4,"5":4,"6":4,"7":4,"8":1,"9":3,"10":3,"11":1,"12":2,"13":2,"14":2,"15":1,"16":1,"17":1,"18":1,"19":1},"f":{"0":4,"1":4},"b":{"0":[1,3],"1":[1,2],"2":[1,1]}}
,"/home/david/Desktop/projects/goBarber/gobarber-back/src/user/services/update-avatar.service.ts": {"path":"/home/david/Desktop/projects/goBarber/gobarber-back/src/user/services/update-avatar.service.ts","statementMap":{"0":{"start":{"line":3,"column":0},"end":{"line":3,"column":73}},"1":{"start":{"line":9,"column":0},"end":{"line":40,"column":null}},"2":{"start":{"line":12,"column":21},"end":{"line":12,"column":52}},"3":{"start":{"line":14,"column":12},"end":{"line":14,"column":45}},"4":{"start":{"line":18,"column":17},"end":{"line":18,"column":59}},"5":{"start":{"line":20,"column":4},"end":{"line":24,"column":null}},"6":{"start":{"line":21,"column":6},"end":{"line":23,"column":8}},"7":{"start":{"line":26,"column":4},"end":{"line":28,"column":null}},"8":{"start":{"line":27,"column":6},"end":{"line":27,"column":51}},"9":{"start":{"line":30,"column":21},"end":{"line":30,"column":72}},"10":{"start":{"line":32,"column":4},"end":{"line":32,"column":27}},"11":{"start":{"line":34,"column":4},"end":{"line":34,"column":41}},"12":{"start":{"line":36,"column":4},"end":{"line":36,"column":25}},"13":{"start":{"line":38,"column":4},"end":{"line":38,"column":16}},"14":{"start":{"line":9,"column":13},"end":{"line":40,"column":null}},"15":{"start":{"line":9,"column":13},"end":{"line":9,"column":32}}},"fnMap":{"0":{"name":"(anonymous_4)","decl":{"start":{"line":10,"column":2},"end":{"line":10,"column":null}},"loc":{"start":{"line":14,"column":45},"end":{"line":15,"column":6}}},"1":{"name":"(anonymous_5)","decl":{"start":{"line":17,"column":2},"end":{"line":17,"column":7}},"loc":{"start":{"line":17,"column":59},"end":{"line":39,"column":3}}}},"branchMap":{"0":{"loc":{"start":{"line":20,"column":4},"end":{"line":24,"column":null}},"type":"if","locations":[{"start":{"line":20,"column":4},"end":{"line":24,"column":null}},{"start":{"line":20,"column":4},"end":{"line":24,"column":null}}]},"1":{"loc":{"start":{"line":26,"column":4},"end":{"line":28,"column":null}},"type":"if","locations":[{"start":{"line":26,"column":4},"end":{"line":28,"column":null}},{"start":{"line":26,"column":4},"end":{"line":28,"column":null}}]}},"s":{"0":1,"1":1,"2":3,"3":3,"4":4,"5":4,"6":1,"7":3,"8":1,"9":3,"10":3,"11":3,"12":3,"13":3,"14":1,"15":1},"f":{"0":3,"1":4},"b":{"0":[1,3],"1":[1,2]}}
,"/home/david/Desktop/projects/goBarber/gobarber-back/src/user/services/user.service.ts": {"path":"/home/david/Desktop/projects/goBarber/gobarber-back/src/user/services/user.service.ts","statementMap":{"0":{"start":{"line":1,"column":0},"end":{"line":1,"column":73}},"1":{"start":{"line":10,"column":0},"end":{"line":88,"column":null}},"2":{"start":{"line":13,"column":21},"end":{"line":13,"column":52}},"3":{"start":{"line":15,"column":12},"end":{"line":15,"column":39}},"4":{"start":{"line":19,"column":28},"end":{"line":19,"column":72}},"5":{"start":{"line":21,"column":4},"end":{"line":23,"column":null}},"6":{"start":{"line":22,"column":6},"end":{"line":22,"column":67}},"7":{"start":{"line":25,"column":27},"end":{"line":25,"column":73}},"8":{"start":{"line":27,"column":17},"end":{"line":31,"column":6}},"9":{"start":{"line":33,"column":4},"end":{"line":33,"column":16}},"10":{"start":{"line":37,"column":16},"end":{"line":37,"column":51}},"11":{"start":{"line":39,"column":4},"end":{"line":43,"column":7}},"12":{"start":{"line":40,"column":6},"end":{"line":40,"column":27}},"13":{"start":{"line":42,"column":6},"end":{"line":42,"column":18}},"14":{"start":{"line":45,"column":4},"end":{"line":45,"column":17}},"15":{"start":{"line":52,"column":17},"end":{"line":52,"column":55}},"16":{"start":{"line":54,"column":4},"end":{"line":56,"column":null}},"17":{"start":{"line":55,"column":6},"end":{"line":55,"column":59}},"18":{"start":{"line":58,"column":33},"end":{"line":58,"column":77}},"19":{"start":{"line":60,"column":4},"end":{"line":62,"column":null}},"20":{"start":{"line":61,"column":6},"end":{"line":61,"column":61}},"21":{"start":{"line":64,"column":4},"end":{"line":64,"column":21}},"22":{"start":{"line":65,"column":4},"end":{"line":65,"column":23}},"23":{"start":{"line":67,"column":4},"end":{"line":71,"column":null}},"24":{"start":{"line":68,"column":6},"end":{"line":70,"column":8}},"25":{"start":{"line":73,"column":4},"end":{"line":84,"column":null}},"26":{"start":{"line":74,"column":31},"end":{"line":76,"column":null}},"27":{"start":{"line":79,"column":6},"end":{"line":81,"column":null}},"28":{"start":{"line":80,"column":8},"end":{"line":80,"column":69}},"29":{"start":{"line":83,"column":6},"end":{"line":83,"column":69}},"30":{"start":{"line":86,"column":4},"end":{"line":86,"column":42}},"31":{"start":{"line":10,"column":13},"end":{"line":88,"column":null}},"32":{"start":{"line":10,"column":13},"end":{"line":10,"column":24}}},"fnMap":{"0":{"name":"(anonymous_4)","decl":{"start":{"line":11,"column":2},"end":{"line":11,"column":null}},"loc":{"start":{"line":15,"column":39},"end":{"line":16,"column":6}}},"1":{"name":"(anonymous_5)","decl":{"start":{"line":18,"column":2},"end":{"line":18,"column":7}},"loc":{"start":{"line":18,"column":55},"end":{"line":34,"column":3}}},"2":{"name":"(anonymous_6)","decl":{"start":{"line":36,"column":2},"end":{"line":36,"column":7}},"loc":{"start":{"line":36,"column":15},"end":{"line":46,"column":3}}},"3":{"name":"(anonymous_7)","decl":{"start":{"line":39,"column":22},"end":{"line":39,"column":23}},"loc":{"start":{"line":39,"column":31},"end":{"line":43,"column":5}}},"4":{"name":"(anonymous_8)","decl":{"start":{"line":48,"column":2},"end":{"line":48,"column":7}},"loc":{"start":{"line":50,"column":57},"end":{"line":87,"column":3}}}},"branchMap":{"0":{"loc":{"start":{"line":21,"column":4},"end":{"line":23,"column":null}},"type":"if","locations":[{"start":{"line":21,"column":4},"end":{"line":23,"column":null}},{"start":{"line":21,"column":4},"end":{"line":23,"column":null}}]},"1":{"loc":{"start":{"line":54,"column":4},"end":{"line":56,"column":null}},"type":"if","locations":[{"start":{"line":54,"column":4},"end":{"line":56,"column":null}},{"start":{"line":54,"column":4},"end":{"line":56,"column":null}}]},"2":{"loc":{"start":{"line":60,"column":4},"end":{"line":62,"column":null}},"type":"if","locations":[{"start":{"line":60,"column":4},"end":{"line":62,"column":null}},{"start":{"line":60,"column":4},"end":{"line":62,"column":null}}]},"3":{"loc":{"start":{"line":60,"column":8},"end":{"line":60,"column":28}},"type":"binary-expr","locations":[{"start":{"line":60,"column":8},"end":{"line":60,"column":28}},{"start":{"line":60,"column":32},"end":{"line":60,"column":67}}]},"4":{"loc":{"start":{"line":67,"column":4},"end":{"line":71,"column":null}},"type":"if","locations":[{"start":{"line":67,"column":4},"end":{"line":71,"column":null}},{"start":{"line":67,"column":4},"end":{"line":71,"column":null}}]},"5":{"loc":{"start":{"line":67,"column":8},"end":{"line":67,"column":16}},"type":"binary-expr","locations":[{"start":{"line":67,"column":8},"end":{"line":67,"column":16}},{"start":{"line":67,"column":20},"end":{"line":67,"column":32}}]},"6":{"loc":{"start":{"line":73,"column":4},"end":{"line":84,"column":null}},"type":"if","locations":[{"start":{"line":73,"column":4},"end":{"line":84,"column":null}},{"start":{"line":73,"column":4},"end":{"line":84,"column":null}}]},"7":{"loc":{"start":{"line":73,"column":8},"end":{"line":73,"column":16}},"type":"binary-expr","locations":[{"start":{"line":73,"column":8},"end":{"line":73,"column":16}},{"start":{"line":73,"column":20},"end":{"line":73,"column":31}}]},"8":{"loc":{"start":{"line":79,"column":6},"end":{"line":81,"column":null}},"type":"if","locations":[{"start":{"line":79,"column":6},"end":{"line":81,"column":null}},{"start":{"line":79,"column":6},"end":{"line":81,"column":null}}]}},"s":{"0":2,"1":2,"2":11,"3":11,"4":5,"5":5,"6":1,"7":4,"8":4,"9":4,"10":0,"11":0,"12":0,"13":0,"14":0,"15":6,"16":6,"17":1,"18":5,"19":5,"20":1,"21":4,"22":4,"23":4,"24":1,"25":3,"26":2,"27":2,"28":1,"29":1,"30":2,"31":2,"32":2},"f":{"0":11,"1":5,"2":0,"3":0,"4":6},"b":{"0":[1,4],"1":[1,5],"2":[1,4],"3":[5,1],"4":[1,3],"5":[4,3],"6":[2,1],"7":[3,2],"8":[1,1]}}
}
