TN:
SF:src/appointment/services/appointment.service.ts
FN:18,(anonymous_4)
FN:27,(anonymous_5)
FN:87,(anonymous_6)
FN:113,(anonymous_7)
FN:117,(anonymous_8)
FN:121,(anonymous_9)
FNF:6
FNH:3
FNDA:6,(anonymous_4)
FNDA:7,(anonymous_5)
FNDA:1,(anonymous_6)
FNDA:0,(anonymous_7)
FNDA:0,(anonymous_8)
FNDA:0,(anonymous_9)
DA:1,1
DA:2,1
DA:4,1
DA:17,1
DA:20,6
DA:22,6
DA:24,6
DA:32,7
DA:34,7
DA:35,4
DA:40,3
DA:41,0
DA:46,3
DA:47,1
DA:52,2
DA:56,2
DA:57,0
DA:60,2
DA:66,2
DA:72,2
DA:77,2
DA:84,2
DA:93,1
DA:95,1
DA:99,1
DA:100,1
DA:107,1
DA:110,1
DA:114,0
DA:118,0
DA:122,0
LF:31
LH:26
BRDA:34,0,0,4
BRDA:34,0,1,3
BRDA:40,1,0,0
BRDA:40,1,1,3
BRDA:46,2,0,1
BRDA:46,2,1,2
BRDA:46,3,0,3
BRDA:46,3,1,2
BRDA:56,4,0,0
BRDA:56,4,1,2
BRDA:99,5,0,1
BRDA:99,5,1,0
BRF:12
BRH:9
end_of_record
TN:
SF:src/appointment/services/provider-availability.service.ts
FN:15,(anonymous_4)
FN:20,(anonymous_5)
FN:37,(anonymous_6)
FN:40,(anonymous_7)
FN:41,(anonymous_8)
FN:54,(anonymous_9)
FN:73,(anonymous_10)
FN:78,(anonymous_11)
FN:80,(anonymous_12)
FNF:9
FNH:9
FNDA:2,(anonymous_4)
FNDA:1,(anonymous_5)
FNDA:30,(anonymous_6)
FNDA:30,(anonymous_7)
FNDA:300,(anonymous_8)
FNDA:1,(anonymous_9)
FNDA:10,(anonymous_10)
FNDA:10,(anonymous_11)
FNDA:19,(anonymous_12)
DA:1,1
DA:3,1
DA:14,1
DA:17,2
DA:25,1
DA:33,1
DA:35,1
DA:37,30
DA:40,1
DA:41,30
DA:42,300
DA:45,30
DA:51,1
DA:60,1
DA:69,1
DA:71,1
DA:73,10
DA:76,1
DA:78,1
DA:79,10
DA:80,19
DA:83,10
DA:85,10
DA:91,1
LF:24
LH:24
BRDA:87,0,0,10
BRDA:87,0,1,8
BRF:2
BRH:2
end_of_record
TN:
SF:src/appointment/services/provider.service.ts
FN:10,(anonymous_4)
FN:17,(anonymous_5)
FN:30,(anonymous_6)
FNF:3
FNH:3
FNDA:1,(anonymous_4)
FNDA:1,(anonymous_5)
FNDA:2,(anonymous_6)
DA:1,1
DA:3,1
DA:9,1
DA:12,1
DA:14,1
DA:18,1
DA:22,1
DA:23,1
DA:27,1
DA:30,2
LF:10
LH:10
BRDA:22,0,0,1
BRDA:22,0,1,0
BRF:2
BRH:1
end_of_record
TN:
SF:src/notification/notification.service.ts
FN:10,(anonymous_4)
FN:17,(anonymous_5)
FN:21,(anonymous_6)
FN:25,(anonymous_7)
FN:29,(anonymous_8)
FN:33,(anonymous_9)
FNF:6
FNH:0
FNDA:0,(anonymous_4)
FNDA:0,(anonymous_5)
FNDA:0,(anonymous_6)
FNDA:0,(anonymous_7)
FNDA:0,(anonymous_8)
FNDA:0,(anonymous_9)
DA:2,0
DA:9,0
DA:12,0
DA:14,0
DA:18,0
DA:22,0
DA:26,0
DA:30,0
DA:34,0
LF:9
LH:0
BRF:0
BRH:0
end_of_record
TN:
SF:src/session/session.service.ts
FN:15,(anonymous_4)
FN:24,(anonymous_5)
FN:38,(anonymous_6)
FNF:3
FNH:3
FNDA:3,(anonymous_4)
FNDA:3,(anonymous_5)
FNDA:3,(anonymous_6)
DA:1,1
DA:3,1
DA:4,1
DA:5,1
DA:14,1
DA:17,3
DA:18,3
DA:19,3
DA:21,3
DA:25,3
DA:27,1
DA:29,1
DA:31,1
DA:39,3
DA:41,3
DA:42,1
DA:45,2
DA:50,2
DA:51,1
DA:54,1
LF:20
LH:20
BRDA:41,0,0,1
BRDA:41,0,1,2
BRDA:50,1,0,1
BRDA:50,1,1,1
BRF:4
BRH:4
end_of_record
TN:
SF:src/user/services/email.service.ts
FN:15,(anonymous_4)
FN:26,(anonymous_5)
FNF:2
FNH:2
FNDA:3,(anonymous_4)
FNDA:3,(anonymous_5)
DA:1,1
DA:3,1
DA:4,1
DA:14,1
DA:17,3
DA:19,3
DA:21,3
DA:23,3
DA:27,3
DA:29,3
DA:30,1
DA:33,2
DA:35,2
DA:42,2
LF:14
LH:14
BRDA:29,0,0,1
BRDA:29,0,1,2
BRF:2
BRH:2
end_of_record
TN:
SF:src/user/services/password.service.ts
FN:18,(anonymous_4)
FN:27,(anonymous_5)
FNF:2
FNH:2
FNDA:4,(anonymous_4)
FNDA:4,(anonymous_5)
DA:1,1
DA:3,1
DA:17,1
DA:20,4
DA:22,4
DA:24,4
DA:28,4
DA:30,4
DA:31,1
DA:34,3
DA:36,3
DA:37,1
DA:40,2
DA:41,2
DA:43,2
DA:44,1
DA:47,1
DA:49,1
LF:18
LH:18
BRDA:30,0,0,1
BRDA:30,0,1,3
BRDA:36,1,0,1
BRDA:36,1,1,2
BRDA:43,2,0,1
BRDA:43,2,1,1
BRF:6
BRH:6
end_of_record
TN:
SF:src/user/services/update-avatar.service.ts
FN:11,(anonymous_4)
FN:18,(anonymous_5)
FNF:2
FNH:2
FNDA:3,(anonymous_4)
FNDA:4,(anonymous_5)
DA:1,1
DA:3,1
DA:10,1
DA:13,3
DA:15,3
DA:19,4
DA:21,4
DA:22,1
DA:27,3
DA:28,1
DA:31,3
DA:33,3
DA:35,3
DA:37,3
LF:14
LH:14
BRDA:21,0,0,1
BRDA:21,0,1,3
BRDA:27,1,0,1
BRDA:27,1,1,2
BRF:4
BRH:4
end_of_record
TN:
SF:src/user/services/user.service.ts
FN:14,(anonymous_4)
FN:23,(anonymous_5)
FN:43,(anonymous_6)
FN:46,(anonymous_7)
FN:49,(anonymous_8)
FNF:5
FNH:3
FNDA:8,(anonymous_4)
FNDA:3,(anonymous_5)
FNDA:0,(anonymous_6)
FNDA:0,(anonymous_7)
FNDA:6,(anonymous_8)
DA:1,1
DA:3,1
DA:13,1
DA:16,8
DA:18,8
DA:20,8
DA:24,3
DA:26,3
DA:27,1
DA:30,2
DA:32,2
DA:38,2
DA:40,2
DA:44,0
DA:46,0
DA:53,6
DA:55,6
DA:56,1
DA:59,5
DA:61,5
DA:62,1
DA:65,4
DA:66,4
DA:68,4
DA:69,1
DA:74,3
DA:75,2
DA:80,2
DA:81,1
DA:84,1
DA:87,2
LF:31
LH:29
BRDA:26,0,0,1
BRDA:26,0,1,2
BRDA:55,1,0,1
BRDA:55,1,1,5
BRDA:61,2,0,1
BRDA:61,2,1,4
BRDA:61,3,0,5
BRDA:61,3,1,1
BRDA:68,4,0,1
BRDA:68,4,1,3
BRDA:68,5,0,4
BRDA:68,5,1,3
BRDA:74,6,0,2
BRDA:74,6,1,1
BRDA:74,7,0,3
BRDA:74,7,1,2
BRDA:80,8,0,1
BRDA:80,8,1,1
BRF:18
BRH:18
end_of_record
