TN:
SF:src/appointment/services/appointment.service.ts
FN:14,(anonymous_4)
FN:19,(anonymous_5)
FN:43,(anonymous_6)
FN:47,(anonymous_7)
FN:51,(anonymous_8)
FN:55,(anonymous_9)
FNF:6
FNH:2
FNDA:2,(anonymous_4)
FNDA:3,(anonymous_5)
FNDA:0,(anonymous_6)
FNDA:0,(anonymous_7)
FNDA:0,(anonymous_8)
FNDA:0,(anonymous_9)
DA:1,1
DA:3,1
DA:13,1
DA:16,2
DA:24,3
DA:26,3
DA:30,3
DA:31,1
DA:34,2
DA:40,2
DA:44,0
DA:48,0
DA:52,0
DA:56,0
LF:14
LH:10
BRDA:30,0,0,1
BRDA:30,0,1,2
BRF:2
BRH:2
end_of_record
TN:
SF:src/appointment/services/provider-availability.service.ts
FN:15,(anonymous_4)
FN:20,(anonymous_5)
FN:37,(anonymous_6)
FN:40,(anonymous_7)
FN:41,(anonymous_8)
FN:54,(anonymous_9)
FN:73,(anonymous_10)
FN:78,(anonymous_11)
FN:80,(anonymous_12)
FNF:9
FNH:9
FNDA:2,(anonymous_4)
FNDA:1,(anonymous_5)
FNDA:30,(anonymous_6)
FNDA:30,(anonymous_7)
FNDA:300,(anonymous_8)
FNDA:1,(anonymous_9)
FNDA:10,(anonymous_10)
FNDA:10,(anonymous_11)
FNDA:19,(anonymous_12)
DA:1,1
DA:3,1
DA:14,1
DA:17,2
DA:25,1
DA:33,1
DA:35,1
DA:37,30
DA:40,1
DA:41,30
DA:42,300
DA:45,30
DA:51,1
DA:60,1
DA:69,1
DA:71,1
DA:73,10
DA:76,1
DA:78,1
DA:79,10
DA:80,19
DA:83,10
DA:85,10
DA:91,1
LF:24
LH:24
BRDA:87,0,0,10
BRDA:87,0,1,8
BRF:2
BRH:2
end_of_record
TN:
SF:src/appointment/services/provider.service.ts
FN:8,(anonymous_4)
FN:13,(anonymous_5)
FN:18,(anonymous_6)
FNF:3
FNH:3
FNDA:1,(anonymous_4)
FNDA:1,(anonymous_5)
FNDA:2,(anonymous_6)
DA:4,1
DA:7,1
DA:10,1
DA:14,1
DA:18,1
DA:19,2
DA:21,2
DA:24,1
LF:8
LH:8
BRF:0
BRH:0
end_of_record
TN:
SF:src/session/session.service.ts
FN:14,(anonymous_4)
FN:23,(anonymous_5)
FN:37,(anonymous_6)
FNF:3
FNH:3
FNDA:3,(anonymous_4)
FNDA:3,(anonymous_5)
FNDA:3,(anonymous_6)
DA:5,1
DA:6,1
DA:7,1
DA:13,1
DA:16,3
DA:17,3
DA:18,3
DA:20,3
DA:24,3
DA:26,1
DA:28,1
DA:30,1
DA:38,3
DA:40,3
DA:41,1
DA:44,2
DA:49,2
DA:50,1
DA:53,1
DA:55,1
LF:20
LH:20
BRDA:40,0,0,1
BRDA:40,0,1,2
BRDA:49,1,0,1
BRDA:49,1,1,1
BRF:4
BRH:4
end_of_record
TN:
SF:src/user/services/email.service.ts
FN:14,(anonymous_4)
FN:23,(anonymous_5)
FNF:2
FNH:2
FNDA:3,(anonymous_4)
FNDA:3,(anonymous_5)
DA:1,1
DA:4,1
DA:13,1
DA:16,3
DA:18,3
DA:20,3
DA:24,3
DA:26,3
DA:27,1
DA:30,2
DA:32,2
DA:39,2
LF:12
LH:12
BRDA:26,0,0,1
BRDA:26,0,1,2
BRF:2
BRH:2
end_of_record
TN:
SF:src/user/services/password.service.ts
FN:18,(anonymous_4)
FN:27,(anonymous_5)
FNF:2
FNH:2
FNDA:4,(anonymous_4)
FNDA:4,(anonymous_5)
DA:1,1
DA:3,1
DA:17,1
DA:20,4
DA:22,4
DA:24,4
DA:28,4
DA:30,4
DA:31,1
DA:34,3
DA:36,3
DA:37,1
DA:40,2
DA:41,2
DA:43,2
DA:44,1
DA:47,1
DA:49,1
LF:18
LH:18
BRDA:30,0,0,1
BRDA:30,0,1,3
BRDA:36,1,0,1
BRDA:36,1,1,2
BRDA:43,2,0,1
BRDA:43,2,1,1
BRF:6
BRH:6
end_of_record
TN:
SF:src/user/services/update-avatar.service.ts
FN:10,(anonymous_4)
FN:17,(anonymous_5)
FNF:2
FNH:2
FNDA:3,(anonymous_4)
FNDA:4,(anonymous_5)
DA:3,1
DA:9,1
DA:12,3
DA:14,3
DA:18,4
DA:20,4
DA:21,1
DA:26,3
DA:27,1
DA:30,3
DA:32,3
DA:34,3
DA:36,3
DA:38,3
LF:14
LH:14
BRDA:20,0,0,1
BRDA:20,0,1,3
BRDA:26,1,0,1
BRDA:26,1,1,2
BRF:4
BRH:4
end_of_record
TN:
SF:src/user/services/user.service.ts
FN:11,(anonymous_4)
FN:18,(anonymous_5)
FN:36,(anonymous_6)
FN:39,(anonymous_7)
FN:48,(anonymous_8)
FNF:5
FNH:3
FNDA:11,(anonymous_4)
FNDA:5,(anonymous_5)
FNDA:0,(anonymous_6)
FNDA:0,(anonymous_7)
FNDA:6,(anonymous_8)
DA:1,2
DA:10,2
DA:13,11
DA:15,11
DA:19,5
DA:21,5
DA:22,1
DA:25,4
DA:27,4
DA:33,4
DA:37,0
DA:39,0
DA:40,0
DA:42,0
DA:45,0
DA:52,6
DA:54,6
DA:55,1
DA:58,5
DA:60,5
DA:61,1
DA:64,4
DA:65,4
DA:67,4
DA:68,1
DA:73,3
DA:74,2
DA:79,2
DA:80,1
DA:83,1
DA:86,2
LF:31
LH:26
BRDA:21,0,0,1
BRDA:21,0,1,4
BRDA:54,1,0,1
BRDA:54,1,1,5
BRDA:60,2,0,1
BRDA:60,2,1,4
BRDA:60,3,0,5
BRDA:60,3,1,1
BRDA:67,4,0,1
BRDA:67,4,1,3
BRDA:67,5,0,4
BRDA:67,5,1,3
BRDA:73,6,0,2
BRDA:73,6,1,1
BRDA:73,7,0,3
BRDA:73,7,1,2
BRDA:79,8,0,1
BRDA:79,8,1,1
BRF:18
BRH:18
end_of_record
